Build started 12/11/2014 1:39:02 PM.
     1>Project "C:\Users\Reginald\Documents\Visual Studio 2013\Project_3_Hayes_Reginald\Project_3_Hayes_Reginald\Project_3_Hayes_Reginald.vcxproj" on node 2 (Build target(s)).
     1>ClCompile:
         C:\Program Files (x86)\Microsoft Visual Studio 12.0\VC\bin\CL.exe /c /ZI /nologo /W3 /WX- /sdl /Od /Oy- /D _CRT_NONSTDC_NO_DEPRECATE /D _CRT_SECURE_NO_WARNINGS /D _MBCS /Gm /EHsc /RTC1 /MDd /GS /fp:precise /Zc:wchar_t /Zc:forScope /Fo"Debug\\" /Fd"Debug\vc120.pdb" /Gd /TP /analyze- /errorReport:prompt ObjModel.cpp
         ObjModel.cpp
     1>c:\users\reginald\documents\visual studio 2013\project_3_hayes_reginald\project_3_hayes_reginald\objmodel.cpp(250): warning C4018: '<' : signed/unsigned mismatch
     1>c:\users\reginald\documents\visual studio 2013\project_3_hayes_reginald\project_3_hayes_reginald\objmodel.cpp(303): warning C4018: '<' : signed/unsigned mismatch
     1>c:\users\reginald\documents\visual studio 2013\project_3_hayes_reginald\project_3_hayes_reginald\objmodel.cpp(346): warning C4018: '<' : signed/unsigned mismatch
     1>c:\users\reginald\documents\visual studio 2013\project_3_hayes_reginald\project_3_hayes_reginald\objmodel.cpp(349): warning C4018: '<' : signed/unsigned mismatch
       Link:
         C:\Program Files (x86)\Microsoft Visual Studio 12.0\VC\bin\link.exe /ERRORREPORT:PROMPT /OUT:"C:\Users\Reginald\Documents\Visual Studio 2013\Project_3_Hayes_Reginald\Debug\Project_3_Hayes_Reginald.exe" /INCREMENTAL /NOLOGO glew32.lib kernel32.lib user32.lib gdi32.lib winspool.lib comdlg32.lib advapi32.lib shell32.lib ole32.lib oleaut32.lib uuid.lib odbc32.lib odbccp32.lib /MANIFEST /MANIFESTUAC:"level='asInvoker' uiAccess='false'" /manifest:embed /DEBUG /PDB:"C:\Users\Reginald\Documents\Visual Studio 2013\Project_3_Hayes_Reginald\Debug\Project_3_Hayes_Reginald.pdb" /TLBID:1 /DYNAMICBASE /NXCOMPAT /IMPLIB:"C:\Users\Reginald\Documents\Visual Studio 2013\Project_3_Hayes_Reginald\Debug\Project_3_Hayes_Reginald.lib" /MACHINE:X86 Debug\BillBoard.obj
         Debug\glm.obj
         Debug\main.obj
         Debug\ObjModel.obj
         Debug\PPMImage.obj
         Debug\TrackBall.obj
         Debug\TrafficLight.obj
         Debug\utility.obj
         Project_3_Hayes_Reginald.vcxproj -> C:\Users\Reginald\Documents\Visual Studio 2013\Project_3_Hayes_Reginald\Debug\Project_3_Hayes_Reginald.exe
     1>Done Building Project "C:\Users\Reginald\Documents\Visual Studio 2013\Project_3_Hayes_Reginald\Project_3_Hayes_Reginald\Project_3_Hayes_Reginald.vcxproj" (Build target(s)).

Build succeeded.

Time Elapsed 00:00:02.61
